<?xml version="1.0" encoding="UTF-8"?>
<!-- Generated by org.testng.reporters.JUnitReportReporter -->
<testsuite skipped="0" hostname="DESKTOP-0M1MH5T" name="com.qa.linkedin.testcases.SearchDDTest" tests="4" failures="0" timestamp="2020-06-27T16:21:03 IST" time="20.789" errors="0">
  <testcase name="searchTest" time="4.711" classname="com.qa.linkedin.testcases.SearchDDTest"/>
  <testcase name="searchTest" time="5.434" classname="com.qa.linkedin.testcases.SearchDDTest"/>
  <testcase name="searchTest" time="5.479" classname="com.qa.linkedin.testcases.SearchDDTest"/>
  <testcase name="searchTest" time="5.165" classname="com.qa.linkedin.testcases.SearchDDTest"/>
</testsuite> <!-- com.qa.linkedin.testcases.SearchDDTest -->
