<?xml version="1.0" encoding="UTF-8"?>
<!-- Generated by org.testng.reporters.JUnitReportReporter -->
<testsuite skipped="0" hostname="DESKTOP-0M1MH5T" name="com.qa.linkedin.testcases.SearchDDTest" tests="4" failures="0" timestamp="2020-06-26T16:05:59 IST" time="20.717" errors="0">
  <testcase name="searchTest" time="5.259" classname="com.qa.linkedin.testcases.SearchDDTest"/>
  <testcase name="searchTest" time="5.584" classname="com.qa.linkedin.testcases.SearchDDTest"/>
  <testcase name="searchTest" time="5.136" classname="com.qa.linkedin.testcases.SearchDDTest"/>
  <testcase name="searchTest" time="4.738" classname="com.qa.linkedin.testcases.SearchDDTest"/>
</testsuite> <!-- com.qa.linkedin.testcases.SearchDDTest -->
